c:\users\hank2\source\repos\tlexpress\scssharp extractor\x64\release\scsfileaccess.pdb
c:\users\hank2\source\repos\tlexpress\scssharp extractor\x64\release\.netframework,version=v4.6.1.assemblyattributes.obj
c:\users\hank2\source\repos\tlexpress\scssharp extractor\x64\release\scsentry.obj
c:\users\hank2\source\repos\tlexpress\scssharp extractor\x64\release\scsfileaccess.obj
c:\users\hank2\source\repos\tlexpress\scssharp extractor\x64\release\scsfileaccess.lib
c:\users\hank2\source\repos\tlexpress\scssharp extractor\x64\release\scssharp extractor.res
c:\users\hank2\source\repos\tlexpress\scssharp extractor\x64\release\scssharp extractor.vcxproj.assemblyreference.cache
c:\users\hank2\source\repos\tlexpress\scssharp extractor\x64\release\3nktranscode.pdb
c:\users\hank2\source\repos\tlexpress\scssharp extractor\x64\release\scsfileanalyzer.pdb
c:\users\hank2\source\repos\tlexpress\scssharp extractor\x64\release\scshash.pdb
c:\users\hank2\source\repos\tlexpress\scssharp extractor\x64\release\ssharp.pdb
c:\users\hank2\source\repos\tlexpress\scssharp extractor\x64\release\testscss.pdb
c:\users\hank2\source\repos\tlexpress\scssharp extractor\x64\release\ssharp.exe.metagen
c:\users\hank2\source\repos\tlexpress\scssharp extractor\x64\release\scsfileaccess.tlog\cl.command.1.tlog
c:\users\hank2\source\repos\tlexpress\scssharp extractor\x64\release\scsfileaccess.tlog\cl.read.1.tlog
c:\users\hank2\source\repos\tlexpress\scssharp extractor\x64\release\scsfileaccess.tlog\cl.write.1.tlog
c:\users\hank2\source\repos\tlexpress\scssharp extractor\x64\release\scsfileaccess.tlog\lib-link-cvtres.read.1.tlog
c:\users\hank2\source\repos\tlexpress\scssharp extractor\x64\release\scsfileaccess.tlog\lib-link-cvtres.write.1.tlog
c:\users\hank2\source\repos\tlexpress\scssharp extractor\x64\release\scsfileaccess.tlog\lib.command.1.tlog
c:\users\hank2\source\repos\tlexpress\scssharp extractor\x64\release\scsfileaccess.tlog\metagen.read.1.tlog
c:\users\hank2\source\repos\tlexpress\scssharp extractor\x64\release\scsfileaccess.tlog\metagen.write.1.tlog
c:\users\hank2\source\repos\tlexpress\scssharp extractor\x64\release\scsfileaccess.tlog\rc.command.1.tlog
c:\users\hank2\source\repos\tlexpress\scssharp extractor\x64\release\scsfileaccess.tlog\rc.read.1.tlog
c:\users\hank2\source\repos\tlexpress\scssharp extractor\x64\release\scsfileaccess.tlog\rc.write.1.tlog
